nohup: ignoring input
CUDA is available. Using GPU: NVIDIA RTX A6000
Using device: cuda:4

Starting training with DQN...
Extended exploration over 4000 episodes
Learning starts after 2000 steps

Episode 50/5000 | Avg Reward: 24.02 | Epsilon: 0.9879
  → Best model saved! Avg: 24.02
Episode 100/5000 | Avg Reward: 22.53 | Epsilon: 0.9755
Episode 150/5000 | Avg Reward: 21.77 | Epsilon: 0.9631
Episode 200/5000 | Avg Reward: 23.58 | Epsilon: 0.9507
Episode 250/5000 | Avg Reward: 25.02 | Epsilon: 0.9384
  → Best model saved! Avg: 25.02
Episode 300/5000 | Avg Reward: 24.40 | Epsilon: 0.9260
Episode 350/5000 | Avg Reward: 22.41 | Epsilon: 0.9136
Episode 400/5000 | Avg Reward: 24.15 | Epsilon: 0.9012
Episode 450/5000 | Avg Reward: 26.03 | Epsilon: 0.8889
  → Best model saved! Avg: 26.03
Episode 500/5000 | Avg Reward: 24.69 | Epsilon: 0.8765
Episode 550/5000 | Avg Reward: 25.96 | Epsilon: 0.8641
Episode 600/5000 | Avg Reward: 25.85 | Epsilon: 0.8517
Episode 650/5000 | Avg Reward: 26.56 | Epsilon: 0.8394
  → Best model saved! Avg: 26.56
Episode 700/5000 | Avg Reward: 26.85 | Epsilon: 0.8270
  → Best model saved! Avg: 26.85
Episode 750/5000 | Avg Reward: 25.23 | Epsilon: 0.8146
Episode 800/5000 | Avg Reward: 24.37 | Epsilon: 0.8022
Episode 850/5000 | Avg Reward: 24.47 | Epsilon: 0.7899
Episode 900/5000 | Avg Reward: 24.90 | Epsilon: 0.7775
Episode 950/5000 | Avg Reward: 23.33 | Epsilon: 0.7651
Episode 1000/5000 | Avg Reward: 24.58 | Epsilon: 0.7527
Episode 1050/5000 | Avg Reward: 25.76 | Epsilon: 0.7404
Episode 1100/5000 | Avg Reward: 24.95 | Epsilon: 0.7280
Episode 1150/5000 | Avg Reward: 24.78 | Epsilon: 0.7156
Episode 1200/5000 | Avg Reward: 27.01 | Epsilon: 0.7032
  → Best model saved! Avg: 27.01
Episode 1250/5000 | Avg Reward: 28.89 | Epsilon: 0.6909
  → Best model saved! Avg: 28.89
Episode 1300/5000 | Avg Reward: 26.05 | Epsilon: 0.6785
Episode 1350/5000 | Avg Reward: 25.60 | Epsilon: 0.6661
Episode 1400/5000 | Avg Reward: 23.58 | Epsilon: 0.6537
Episode 1450/5000 | Avg Reward: 20.88 | Epsilon: 0.6414
Episode 1500/5000 | Avg Reward: 23.68 | Epsilon: 0.6290
Episode 1550/5000 | Avg Reward: 25.64 | Epsilon: 0.6166
Episode 1600/5000 | Avg Reward: 26.60 | Epsilon: 0.6042
Episode 1650/5000 | Avg Reward: 25.81 | Epsilon: 0.5919
Episode 1700/5000 | Avg Reward: 25.97 | Epsilon: 0.5795
Episode 1750/5000 | Avg Reward: 28.50 | Epsilon: 0.5671
Episode 1800/5000 | Avg Reward: 28.06 | Epsilon: 0.5547
Episode 1850/5000 | Avg Reward: 26.70 | Epsilon: 0.5424
Episode 1900/5000 | Avg Reward: 29.44 | Epsilon: 0.5300
  → Best model saved! Avg: 29.44
Episode 1950/5000 | Avg Reward: 34.56 | Epsilon: 0.5176
  → Best model saved! Avg: 34.56
Episode 2000/5000 | Avg Reward: 36.60 | Epsilon: 0.5052
  → Best model saved! Avg: 36.60
Episode 2050/5000 | Avg Reward: 35.91 | Epsilon: 0.4929
Episode 2100/5000 | Avg Reward: 32.69 | Epsilon: 0.4805
Episode 2150/5000 | Avg Reward: 33.45 | Epsilon: 0.4681
Episode 2200/5000 | Avg Reward: 41.72 | Epsilon: 0.4557
  → Best model saved! Avg: 41.72
Episode 2250/5000 | Avg Reward: 38.25 | Epsilon: 0.4434
Episode 2300/5000 | Avg Reward: 32.67 | Epsilon: 0.4310
Episode 2350/5000 | Avg Reward: 45.41 | Epsilon: 0.4186
  → Best model saved! Avg: 45.41
Episode 2400/5000 | Avg Reward: 49.61 | Epsilon: 0.4062
  → Best model saved! Avg: 49.61
Episode 2450/5000 | Avg Reward: 50.91 | Epsilon: 0.3939
  → Best model saved! Avg: 50.91
Episode 2500/5000 | Avg Reward: 56.52 | Epsilon: 0.3815
  → Best model saved! Avg: 56.52
Episode 2550/5000 | Avg Reward: 56.22 | Epsilon: 0.3691
Episode 2600/5000 | Avg Reward: 59.35 | Epsilon: 0.3567
  → Best model saved! Avg: 59.35
Episode 2650/5000 | Avg Reward: 67.37 | Epsilon: 0.3444
  → Best model saved! Avg: 67.37
Episode 2700/5000 | Avg Reward: 70.14 | Epsilon: 0.3320
  → Best model saved! Avg: 70.14
Episode 2750/5000 | Avg Reward: 70.10 | Epsilon: 0.3196
Episode 2800/5000 | Avg Reward: 84.64 | Epsilon: 0.3072
  → Best model saved! Avg: 84.64
Episode 2850/5000 | Avg Reward: 97.37 | Epsilon: 0.2949
  → Best model saved! Avg: 97.37
Episode 2900/5000 | Avg Reward: 107.37 | Epsilon: 0.2825
  → Best model saved! Avg: 107.37
Episode 2950/5000 | Avg Reward: 100.17 | Epsilon: 0.2701
Episode 3000/5000 | Avg Reward: 107.74 | Epsilon: 0.2577
  → Best model saved! Avg: 107.74
Episode 3050/5000 | Avg Reward: 127.16 | Epsilon: 0.2454
  → Best model saved! Avg: 127.16
Episode 3100/5000 | Avg Reward: 108.21 | Epsilon: 0.2330
Episode 3150/5000 | Avg Reward: 105.55 | Epsilon: 0.2206
Episode 3200/5000 | Avg Reward: 100.41 | Epsilon: 0.2082
Episode 3250/5000 | Avg Reward: 76.09 | Epsilon: 0.1959
Episode 3300/5000 | Avg Reward: 83.55 | Epsilon: 0.1835
Episode 3350/5000 | Avg Reward: 102.08 | Epsilon: 0.1711
Episode 3400/5000 | Avg Reward: 112.86 | Epsilon: 0.1587
Episode 3450/5000 | Avg Reward: 142.83 | Epsilon: 0.1464
  → Best model saved! Avg: 142.83
Episode 3500/5000 | Avg Reward: 178.19 | Epsilon: 0.1340
  → Best model saved! Avg: 178.19
Episode 3550/5000 | Avg Reward: 221.73 | Epsilon: 0.1216
  → Best model saved! Avg: 221.73
Episode 3600/5000 | Avg Reward: 299.21 | Epsilon: 0.1092
  → Best model saved! Avg: 299.21
Episode 3650/5000 | Avg Reward: 287.86 | Epsilon: 0.0969
Episode 3700/5000 | Avg Reward: 291.35 | Epsilon: 0.0845
Episode 3750/5000 | Avg Reward: 338.87 | Epsilon: 0.0721
  → Best model saved! Avg: 338.87
Episode 3800/5000 | Avg Reward: 339.65 | Epsilon: 0.0597
  → Best model saved! Avg: 339.65
Episode 3850/5000 | Avg Reward: 343.04 | Epsilon: 0.0474
  → Best model saved! Avg: 343.04
Episode 3900/5000 | Avg Reward: 329.02 | Epsilon: 0.0350
Episode 3950/5000 | Avg Reward: 286.20 | Epsilon: 0.0226
Episode 4000/5000 | Avg Reward: 275.43 | Epsilon: 0.0102
Episode 4050/5000 | Avg Reward: 304.24 | Epsilon: 0.0100
Episode 4100/5000 | Avg Reward: 391.59 | Epsilon: 0.0100
  → Best model saved! Avg: 391.59
Episode 4150/5000 | Avg Reward: 483.67 | Epsilon: 0.0100
  → Best model saved! Avg: 483.67
Solved at episode 4150!
Training finished.

Loaded best model (training avg: 483.67)

Running evaluation for 500 episodes...

--- Evaluation Results ---
Mean Reward: 500.00
Standard Deviation: 0.00
Plots saved.
